<?xml version="1.0" encoding="UTF-8"?>
<!-- Generated by org.testng.reporters.JUnitXMLReporter -->
<testsuite ignored="0" hostname="DEEPU" failures="0" tests="3" name="Default test" time="54.059" errors="0" timestamp="2025-07-30T22:07:08 CDT">
  <testcase classname="DeepuSDET.tests.StandaloneOrderSubmit" name="orderSubmit" time="16.446"/>
  <testcase classname="DeepuSDET.tests.StandaloneOrderSubmit" name="orderSubmit" time="16.822"/>
  <testcase classname="DeepuSDET.tests.StandaloneOrderSubmit" name="OrderHistoryTest" time="1.54"/>
</testsuite> <!-- Default test -->
