<?xml version="1.0" encoding="UTF-8"?>
<!-- Generated by org.testng.reporters.JUnitXMLReporter -->
<testsuite ignored="2" hostname="DEEPU" failures="0" tests="0" time="0.015" errors="0" timestamp="2024-10-17T23:36:00 CDT">
  <testcase classname="DeepuSDET.tests.StandaloneOrderSubmit" name="OrderHistoryTest" time="0.0">
    <ignored/>
  </testcase> <!-- OrderHistoryTest -->
  <testcase classname="DeepuSDET.tests.StandaloneOrderSubmit" name="orderSubmit" time="0.0">
    <ignored/>
  </testcase> <!-- orderSubmit -->
</testsuite>
