<?xml version="1.0" encoding="UTF-8"?>
<!-- Generated by org.testng.reporters.JUnitXMLReporter -->
<testsuite ignored="1" hostname="DEEPU" failures="0" tests="2" name="Order Submit Test" time="41.619" errors="0" timestamp="2024-10-23T22:48:33 CDT">
  <testcase classname="DeepuSDET.tests.StandaloneOrderSubmit" name="orderSubmit" time="16.034"/>
  <testcase classname="DeepuSDET.tests.StandaloneOrderSubmit" name="orderSubmit" time="16.001"/>
  <testcase classname="DeepuSDET.tests.StandaloneOrderSubmit" name="OrderHistoryTest" time="0.0">
    <ignored/>
  </testcase> <!-- OrderHistoryTest -->
</testsuite> <!-- Order Submit Test -->
